[2025-08-19T13:50:47.463389+00:00] php_mvc.INFO: SQLSTATE[HY000] [1698] Access denied for user 'root'@'localhost' [] []
[2025-08-19T13:51:06.675559+00:00] php_mvc.INFO: SQLSTATE[HY000] [1698] Access denied for user 'root'@'localhost' [] []
[2025-08-19T13:51:43.563506+00:00] php_mvc.INFO: SQLSTATE[HY000] [1698] Access denied for user 'root'@'localhost' [] []
[2025-08-19T13:51:46.873708+00:00] php_mvc.INFO: SQLSTATE[HY000] [1698] Access denied for user 'root'@'localhost' [] []
[2025-08-19T14:50:33.879897+00:00] php_mvc.ERROR: SQLSTATE[HY000] [1698] Access denied for user 'root'@'localhost' [] []
[2025-08-19T14:50:43.034957+00:00] php_mvc.ERROR: SQLSTATE[HY000] [1698] Access denied for user 'root'@'localhost' [] []
[2025-08-19T14:52:36.967114+00:00] php_mvc.CRITICAL: another message for test [] []
[2025-08-19T17:03:01.059797+00:00] php_mvc.ERROR:  [] []
[2025-08-19T17:03:28.766460+00:00] php_mvc.ERROR:  [] []
[2025-08-19T17:03:36.846668+00:00] php_mvc.ERROR:  [] []
[2025-08-19T17:05:26.315540+00:00] php_mvc.ERROR:  [] []
[2025-08-19T17:09:08.455742+00:00] php_mvc.ERROR:  [] []
[2025-08-19T17:11:32.460991+00:00] php_mvc.ERROR:  [] []
[2025-08-21T16:12:27.878030+00:00] php_mvc.ERROR: SQLSTATE[42S22]: Column not found: 1054 Unknown column 'csrf_name' in 'INSERT INTO' [] []
[2025-08-21T16:12:45.617059+00:00] php_mvc.ERROR: SQLSTATE[42S22]: Column not found: 1054 Unknown column 'csrf_name' in 'INSERT INTO' [] []
[2025-08-21T16:13:57.358982+00:00] php_mvc.ERROR: SQLSTATE[42S22]: Column not found: 1054 Unknown column 'csrf_name' in 'INSERT INTO' [] []
[2025-08-21T16:15:31.864204+00:00] php_mvc.ERROR: SQLSTATE[42S22]: Column not found: 1054 Unknown column 'csrf_name' in 'INSERT INTO' [] []
[2025-08-21T16:15:50.500343+00:00] php_mvc.ERROR: SQLSTATE[42S22]: Column not found: 1054 Unknown column 'csrf_name' in 'INSERT INTO' [] []
[2025-08-21T21:44:19.846311+00:00] php_mvc.ERROR: SQLSTATE[HY000] [1698] Access denied for user 'root'@'localhost' [] []
[2025-08-21T21:44:20.888469+00:00] php_mvc.ERROR: SQLSTATE[HY000] [1698] Access denied for user 'root'@'localhost' [] []
[2025-08-22T12:13:49.478011+00:00] mvc.ERROR: SQLSTATE[HY000] [1698] Access denied for user 'root'@'localhost' [] []
[2025-08-22T12:13:50.779964+00:00] mvc.ERROR: SQLSTATE[HY000] [1698] Access denied for user 'root'@'localhost' [] []
